<?xml version="1.0" encoding="UTF-8"?>
<testsuite xmlns:xsi="http://www.w3.org/2001/XMLSchema-instance" xsi:noNamespaceSchemaLocation="https://maven.apache.org/surefire/maven-surefire-plugin/xsd/surefire-test-report-3.0.xsd" version="3.0" name="com.aecode.webcoursesback.WebCoursesBackApplicationTests" time="36.843" tests="1" errors="0" skipped="0" failures="0">
  <properties>
    <property name="java.specification.version" value="17"/>
    <property name="sun.cpu.isalist" value="amd64"/>
    <property name="sun.jnu.encoding" value="Cp1252"/>
    <property name="java.class.path" value="C:\Users\sthep\Desktop\Workspace\Backend\WebCoursesBack\target\test-classes;C:\Users\sthep\Desktop\Workspace\Backend\WebCoursesBack\target\classes;C:\Users\sthep\.m2\repository\org\springframework\boot\spring-boot-starter-data-jpa\3.3.3\spring-boot-starter-data-jpa-3.3.3.jar;C:\Users\sthep\.m2\repository\org\springframework\boot\spring-boot-starter-aop\3.3.3\spring-boot-starter-aop-3.3.3.jar;C:\Users\sthep\.m2\repository\org\springframework\spring-aop\6.1.12\spring-aop-6.1.12.jar;C:\Users\sthep\.m2\repository\org\aspectj\aspectjweaver\1.9.22.1\aspectjweaver-1.9.22.1.jar;C:\Users\sthep\.m2\repository\org\springframework\boot\spring-boot-starter-jdbc\3.3.3\spring-boot-starter-jdbc-3.3.3.jar;C:\Users\sthep\.m2\repository\com\zaxxer\HikariCP\5.1.0\HikariCP-5.1.0.jar;C:\Users\sthep\.m2\repository\org\springframework\spring-jdbc\6.1.12\spring-jdbc-6.1.12.jar;C:\Users\sthep\.m2\repository\org\hibernate\orm\hibernate-core\6.5.2.Final\hibernate-core-6.5.2.Final.jar;C:\Users\sthep\.m2\repository\jakarta\persistence\jakarta.persistence-api\3.1.0\jakarta.persistence-api-3.1.0.jar;C:\Users\sthep\.m2\repository\jakarta\transaction\jakarta.transaction-api\2.0.1\jakarta.transaction-api-2.0.1.jar;C:\Users\sthep\.m2\repository\org\jboss\logging\jboss-logging\3.5.3.Final\jboss-logging-3.5.3.Final.jar;C:\Users\sthep\.m2\repository\org\hibernate\common\hibernate-commons-annotations\6.0.6.Final\hibernate-commons-annotations-6.0.6.Final.jar;C:\Users\sthep\.m2\repository\io\smallrye\jandex\3.1.2\jandex-3.1.2.jar;C:\Users\sthep\.m2\repository\com\fasterxml\classmate\1.7.0\classmate-1.7.0.jar;C:\Users\sthep\.m2\repository\net\bytebuddy\byte-buddy\1.14.19\byte-buddy-1.14.19.jar;C:\Users\sthep\.m2\repository\org\glassfish\jaxb\jaxb-runtime\4.0.5\jaxb-runtime-4.0.5.jar;C:\Users\sthep\.m2\repository\org\glassfish\jaxb\jaxb-core\4.0.5\jaxb-core-4.0.5.jar;C:\Users\sthep\.m2\repository\org\glassfish\jaxb\txw2\4.0.5\txw2-4.0.5.jar;C:\Users\sthep\.m2\repository\com\sun\istack\istack-commons-runtime\4.1.2\istack-commons-runtime-4.1.2.jar;C:\Users\sthep\.m2\repository\jakarta\inject\jakarta.inject-api\2.0.1\jakarta.inject-api-2.0.1.jar;C:\Users\sthep\.m2\repository\org\antlr\antlr4-runtime\4.13.0\antlr4-runtime-4.13.0.jar;C:\Users\sthep\.m2\repository\org\springframework\data\spring-data-jpa\3.3.3\spring-data-jpa-3.3.3.jar;C:\Users\sthep\.m2\repository\org\springframework\data\spring-data-commons\3.3.3\spring-data-commons-3.3.3.jar;C:\Users\sthep\.m2\repository\org\springframework\spring-orm\6.1.12\spring-orm-6.1.12.jar;C:\Users\sthep\.m2\repository\org\springframework\spring-context\6.1.12\spring-context-6.1.12.jar;C:\Users\sthep\.m2\repository\org\springframework\spring-tx\6.1.12\spring-tx-6.1.12.jar;C:\Users\sthep\.m2\repository\org\springframework\spring-beans\6.1.12\spring-beans-6.1.12.jar;C:\Users\sthep\.m2\repository\org\slf4j\slf4j-api\2.0.16\slf4j-api-2.0.16.jar;C:\Users\sthep\.m2\repository\org\springframework\spring-aspects\6.1.12\spring-aspects-6.1.12.jar;C:\Users\sthep\.m2\repository\org\springframework\boot\spring-boot-starter-web\3.3.3\spring-boot-starter-web-3.3.3.jar;C:\Users\sthep\.m2\repository\org\springframework\boot\spring-boot-starter\3.3.3\spring-boot-starter-3.3.3.jar;C:\Users\sthep\.m2\repository\org\springframework\boot\spring-boot-starter-logging\3.3.3\spring-boot-starter-logging-3.3.3.jar;C:\Users\sthep\.m2\repository\ch\qos\logback\logback-classic\1.5.7\logback-classic-1.5.7.jar;C:\Users\sthep\.m2\repository\ch\qos\logback\logback-core\1.5.7\logback-core-1.5.7.jar;C:\Users\sthep\.m2\repository\org\apache\logging\log4j\log4j-to-slf4j\2.23.1\log4j-to-slf4j-2.23.1.jar;C:\Users\sthep\.m2\repository\org\slf4j\jul-to-slf4j\2.0.16\jul-to-slf4j-2.0.16.jar;C:\Users\sthep\.m2\repository\org\yaml\snakeyaml\2.2\snakeyaml-2.2.jar;C:\Users\sthep\.m2\repository\org\springframework\spring-web\6.1.12\spring-web-6.1.12.jar;C:\Users\sthep\.m2\repository\io\micrometer\micrometer-observation\1.13.3\micrometer-observation-1.13.3.jar;C:\Users\sthep\.m2\repository\io\micrometer\micrometer-commons\1.13.3\micrometer-commons-1.13.3.jar;C:\Users\sthep\.m2\repository\org\springframework\spring-webmvc\6.1.12\spring-webmvc-6.1.12.jar;C:\Users\sthep\.m2\repository\org\springframework\spring-expression\6.1.12\spring-expression-6.1.12.jar;C:\Users\sthep\.m2\repository\org\springframework\boot\spring-boot-devtools\3.3.3\spring-boot-devtools-3.3.3.jar;C:\Users\sthep\.m2\repository\org\springframework\boot\spring-boot\3.3.3\spring-boot-3.3.3.jar;C:\Users\sthep\.m2\repository\org\springframework\boot\spring-boot-autoconfigure\3.3.3\spring-boot-autoconfigure-3.3.3.jar;C:\Users\sthep\.m2\repository\org\postgresql\postgresql\42.7.3\postgresql-42.7.3.jar;C:\Users\sthep\.m2\repository\org\checkerframework\checker-qual\3.42.0\checker-qual-3.42.0.jar;C:\Users\sthep\.m2\repository\org\springframework\boot\spring-boot-starter-tomcat\3.3.3\spring-boot-starter-tomcat-3.3.3.jar;C:\Users\sthep\.m2\repository\jakarta\annotation\jakarta.annotation-api\2.1.1\jakarta.annotation-api-2.1.1.jar;C:\Users\sthep\.m2\repository\org\apache\tomcat\embed\tomcat-embed-core\10.1.28\tomcat-embed-core-10.1.28.jar;C:\Users\sthep\.m2\repository\org\apache\tomcat\embed\tomcat-embed-el\10.1.28\tomcat-embed-el-10.1.28.jar;C:\Users\sthep\.m2\repository\org\apache\tomcat\embed\tomcat-embed-websocket\10.1.28\tomcat-embed-websocket-10.1.28.jar;C:\Users\sthep\.m2\repository\org\springframework\boot\spring-boot-starter-test\3.3.3\spring-boot-starter-test-3.3.3.jar;C:\Users\sthep\.m2\repository\org\springframework\boot\spring-boot-test\3.3.3\spring-boot-test-3.3.3.jar;C:\Users\sthep\.m2\repository\org\springframework\boot\spring-boot-test-autoconfigure\3.3.3\spring-boot-test-autoconfigure-3.3.3.jar;C:\Users\sthep\.m2\repository\com\jayway\jsonpath\json-path\2.9.0\json-path-2.9.0.jar;C:\Users\sthep\.m2\repository\jakarta\xml\bind\jakarta.xml.bind-api\4.0.2\jakarta.xml.bind-api-4.0.2.jar;C:\Users\sthep\.m2\repository\jakarta\activation\jakarta.activation-api\2.1.3\jakarta.activation-api-2.1.3.jar;C:\Users\sthep\.m2\repository\net\minidev\json-smart\2.5.1\json-smart-2.5.1.jar;C:\Users\sthep\.m2\repository\net\minidev\accessors-smart\2.5.1\accessors-smart-2.5.1.jar;C:\Users\sthep\.m2\repository\org\ow2\asm\asm\9.6\asm-9.6.jar;C:\Users\sthep\.m2\repository\org\assertj\assertj-core\3.25.3\assertj-core-3.25.3.jar;C:\Users\sthep\.m2\repository\org\awaitility\awaitility\4.2.2\awaitility-4.2.2.jar;C:\Users\sthep\.m2\repository\org\hamcrest\hamcrest\2.2\hamcrest-2.2.jar;C:\Users\sthep\.m2\repository\org\junit\jupiter\junit-jupiter\5.10.3\junit-jupiter-5.10.3.jar;C:\Users\sthep\.m2\repository\org\junit\jupiter\junit-jupiter-api\5.10.3\junit-jupiter-api-5.10.3.jar;C:\Users\sthep\.m2\repository\org\opentest4j\opentest4j\1.3.0\opentest4j-1.3.0.jar;C:\Users\sthep\.m2\repository\org\junit\platform\junit-platform-commons\1.10.3\junit-platform-commons-1.10.3.jar;C:\Users\sthep\.m2\repository\org\apiguardian\apiguardian-api\1.1.2\apiguardian-api-1.1.2.jar;C:\Users\sthep\.m2\repository\org\junit\jupiter\junit-jupiter-params\5.10.3\junit-jupiter-params-5.10.3.jar;C:\Users\sthep\.m2\repository\org\junit\jupiter\junit-jupiter-engine\5.10.3\junit-jupiter-engine-5.10.3.jar;C:\Users\sthep\.m2\repository\org\junit\platform\junit-platform-engine\1.10.3\junit-platform-engine-1.10.3.jar;C:\Users\sthep\.m2\repository\org\mockito\mockito-core\5.11.0\mockito-core-5.11.0.jar;C:\Users\sthep\.m2\repository\net\bytebuddy\byte-buddy-agent\1.14.19\byte-buddy-agent-1.14.19.jar;C:\Users\sthep\.m2\repository\org\objenesis\objenesis\3.3\objenesis-3.3.jar;C:\Users\sthep\.m2\repository\org\mockito\mockito-junit-jupiter\5.11.0\mockito-junit-jupiter-5.11.0.jar;C:\Users\sthep\.m2\repository\org\skyscreamer\jsonassert\1.5.3\jsonassert-1.5.3.jar;C:\Users\sthep\.m2\repository\com\vaadin\external\google\android-json\0.0.20131108.vaadin1\android-json-0.0.20131108.vaadin1.jar;C:\Users\sthep\.m2\repository\org\springframework\spring-core\6.1.12\spring-core-6.1.12.jar;C:\Users\sthep\.m2\repository\org\springframework\spring-jcl\6.1.12\spring-jcl-6.1.12.jar;C:\Users\sthep\.m2\repository\org\springframework\spring-test\6.1.12\spring-test-6.1.12.jar;C:\Users\sthep\.m2\repository\org\xmlunit\xmlunit-core\2.9.1\xmlunit-core-2.9.1.jar;C:\Users\sthep\.m2\repository\org\modelmapper\modelmapper\3.1.1\modelmapper-3.1.1.jar;C:\Users\sthep\.m2\repository\org\springdoc\springdoc-openapi-starter-webmvc-ui\2.1.0\springdoc-openapi-starter-webmvc-ui-2.1.0.jar;C:\Users\sthep\.m2\repository\org\springdoc\springdoc-openapi-starter-webmvc-api\2.1.0\springdoc-openapi-starter-webmvc-api-2.1.0.jar;C:\Users\sthep\.m2\repository\org\springdoc\springdoc-openapi-starter-common\2.1.0\springdoc-openapi-starter-common-2.1.0.jar;C:\Users\sthep\.m2\repository\io\swagger\core\v3\swagger-core-jakarta\2.2.9\swagger-core-jakarta-2.2.9.jar;C:\Users\sthep\.m2\repository\org\apache\commons\commons-lang3\3.14.0\commons-lang3-3.14.0.jar;C:\Users\sthep\.m2\repository\io\swagger\core\v3\swagger-annotations-jakarta\2.2.9\swagger-annotations-jakarta-2.2.9.jar;C:\Users\sthep\.m2\repository\io\swagger\core\v3\swagger-models-jakarta\2.2.9\swagger-models-jakarta-2.2.9.jar;C:\Users\sthep\.m2\repository\com\fasterxml\jackson\dataformat\jackson-dataformat-yaml\2.17.2\jackson-dataformat-yaml-2.17.2.jar;C:\Users\sthep\.m2\repository\org\webjars\swagger-ui\4.18.2\swagger-ui-4.18.2.jar;C:\Users\sthep\.m2\repository\jakarta\servlet\jakarta.servlet-api\6.0.0\jakarta.servlet-api-6.0.0.jar;C:\Users\sthep\.m2\repository\com\fasterxml\jackson\datatype\jackson-datatype-jsr310\2.15.2\jackson-datatype-jsr310-2.15.2.jar;C:\Users\sthep\.m2\repository\org\springframework\boot\spring-boot-starter-validation\3.3.3\spring-boot-starter-validation-3.3.3.jar;C:\Users\sthep\.m2\repository\org\hibernate\validator\hibernate-validator\8.0.1.Final\hibernate-validator-8.0.1.Final.jar;C:\Users\sthep\.m2\repository\jakarta\validation\jakarta.validation-api\3.0.2\jakarta.validation-api-3.0.2.jar;C:\Users\sthep\.m2\repository\org\springframework\boot\spring-boot-starter-json\3.3.3\spring-boot-starter-json-3.3.3.jar;C:\Users\sthep\.m2\repository\com\fasterxml\jackson\datatype\jackson-datatype-jdk8\2.17.2\jackson-datatype-jdk8-2.17.2.jar;C:\Users\sthep\.m2\repository\com\fasterxml\jackson\module\jackson-module-parameter-names\2.17.2\jackson-module-parameter-names-2.17.2.jar;C:\Users\sthep\.m2\repository\com\fasterxml\jackson\core\jackson-databind\2.17.2\jackson-databind-2.17.2.jar;C:\Users\sthep\.m2\repository\com\fasterxml\jackson\core\jackson-annotations\2.17.2\jackson-annotations-2.17.2.jar;C:\Users\sthep\.m2\repository\com\fasterxml\jackson\core\jackson-core\2.17.2\jackson-core-2.17.2.jar;C:\Users\sthep\.m2\repository\org\apache\poi\poi-ooxml\5.2.3\poi-ooxml-5.2.3.jar;C:\Users\sthep\.m2\repository\org\apache\poi\poi\5.2.3\poi-5.2.3.jar;C:\Users\sthep\.m2\repository\commons-codec\commons-codec\1.16.1\commons-codec-1.16.1.jar;C:\Users\sthep\.m2\repository\org\apache\commons\commons-math3\3.6.1\commons-math3-3.6.1.jar;C:\Users\sthep\.m2\repository\com\zaxxer\SparseBitSet\1.2\SparseBitSet-1.2.jar;C:\Users\sthep\.m2\repository\org\apache\poi\poi-ooxml-lite\5.2.3\poi-ooxml-lite-5.2.3.jar;C:\Users\sthep\.m2\repository\org\apache\xmlbeans\xmlbeans\5.1.1\xmlbeans-5.1.1.jar;C:\Users\sthep\.m2\repository\org\apache\commons\commons-compress\1.21\commons-compress-1.21.jar;C:\Users\sthep\.m2\repository\commons-io\commons-io\2.11.0\commons-io-2.11.0.jar;C:\Users\sthep\.m2\repository\com\github\virtuald\curvesapi\1.07\curvesapi-1.07.jar;C:\Users\sthep\.m2\repository\org\apache\logging\log4j\log4j-api\2.23.1\log4j-api-2.23.1.jar;C:\Users\sthep\.m2\repository\org\apache\commons\commons-collections4\4.4\commons-collections4-4.4.jar;C:\Users\sthep\.m2\repository\org\springframework\boot\spring-boot-starter-mail\3.3.3\spring-boot-starter-mail-3.3.3.jar;C:\Users\sthep\.m2\repository\org\springframework\spring-context-support\6.1.12\spring-context-support-6.1.12.jar;C:\Users\sthep\.m2\repository\org\eclipse\angus\jakarta.mail\2.0.3\jakarta.mail-2.0.3.jar;C:\Users\sthep\.m2\repository\org\eclipse\angus\angus-activation\2.0.2\angus-activation-2.0.2.jar;C:\Users\sthep\.m2\repository\org\projectlombok\lombok\1.18.22\lombok-1.18.22.jar;"/>
    <property name="java.vm.vendor" value="Oracle Corporation"/>
    <property name="sun.arch.data.model" value="64"/>
    <property name="user.variant" value=""/>
    <property name="java.vendor.url" value="https://java.oracle.com/"/>
    <property name="user.timezone" value="America/Lima"/>
    <property name="org.jboss.logging.provider" value="slf4j"/>
    <property name="os.name" value="Windows 11"/>
    <property name="java.vm.specification.version" value="17"/>
    <property name="sun.java.launcher" value="SUN_STANDARD"/>
    <property name="user.country" value="US"/>
    <property name="sun.boot.library.path" value="C:\Users\sthep\jdk-17.0.7\bin"/>
    <property name="sun.java.command" value="C:\Users\sthep\AppData\Local\Temp\surefire8417285828560444146\surefirebooter-20250219154453512_3.jar C:\Users\sthep\AppData\Local\Temp\surefire8417285828560444146 2025-02-19T15-44-53_335-jvmRun1 surefire-20250219154453512_1tmp surefire_0-20250219154453512_2tmp"/>
    <property name="jdk.debug" value="release"/>
    <property name="surefire.test.class.path" value="C:\Users\sthep\Desktop\Workspace\Backend\WebCoursesBack\target\test-classes;C:\Users\sthep\Desktop\Workspace\Backend\WebCoursesBack\target\classes;C:\Users\sthep\.m2\repository\org\springframework\boot\spring-boot-starter-data-jpa\3.3.3\spring-boot-starter-data-jpa-3.3.3.jar;C:\Users\sthep\.m2\repository\org\springframework\boot\spring-boot-starter-aop\3.3.3\spring-boot-starter-aop-3.3.3.jar;C:\Users\sthep\.m2\repository\org\springframework\spring-aop\6.1.12\spring-aop-6.1.12.jar;C:\Users\sthep\.m2\repository\org\aspectj\aspectjweaver\1.9.22.1\aspectjweaver-1.9.22.1.jar;C:\Users\sthep\.m2\repository\org\springframework\boot\spring-boot-starter-jdbc\3.3.3\spring-boot-starter-jdbc-3.3.3.jar;C:\Users\sthep\.m2\repository\com\zaxxer\HikariCP\5.1.0\HikariCP-5.1.0.jar;C:\Users\sthep\.m2\repository\org\springframework\spring-jdbc\6.1.12\spring-jdbc-6.1.12.jar;C:\Users\sthep\.m2\repository\org\hibernate\orm\hibernate-core\6.5.2.Final\hibernate-core-6.5.2.Final.jar;C:\Users\sthep\.m2\repository\jakarta\persistence\jakarta.persistence-api\3.1.0\jakarta.persistence-api-3.1.0.jar;C:\Users\sthep\.m2\repository\jakarta\transaction\jakarta.transaction-api\2.0.1\jakarta.transaction-api-2.0.1.jar;C:\Users\sthep\.m2\repository\org\jboss\logging\jboss-logging\3.5.3.Final\jboss-logging-3.5.3.Final.jar;C:\Users\sthep\.m2\repository\org\hibernate\common\hibernate-commons-annotations\6.0.6.Final\hibernate-commons-annotations-6.0.6.Final.jar;C:\Users\sthep\.m2\repository\io\smallrye\jandex\3.1.2\jandex-3.1.2.jar;C:\Users\sthep\.m2\repository\com\fasterxml\classmate\1.7.0\classmate-1.7.0.jar;C:\Users\sthep\.m2\repository\net\bytebuddy\byte-buddy\1.14.19\byte-buddy-1.14.19.jar;C:\Users\sthep\.m2\repository\org\glassfish\jaxb\jaxb-runtime\4.0.5\jaxb-runtime-4.0.5.jar;C:\Users\sthep\.m2\repository\org\glassfish\jaxb\jaxb-core\4.0.5\jaxb-core-4.0.5.jar;C:\Users\sthep\.m2\repository\org\glassfish\jaxb\txw2\4.0.5\txw2-4.0.5.jar;C:\Users\sthep\.m2\repository\com\sun\istack\istack-commons-runtime\4.1.2\istack-commons-runtime-4.1.2.jar;C:\Users\sthep\.m2\repository\jakarta\inject\jakarta.inject-api\2.0.1\jakarta.inject-api-2.0.1.jar;C:\Users\sthep\.m2\repository\org\antlr\antlr4-runtime\4.13.0\antlr4-runtime-4.13.0.jar;C:\Users\sthep\.m2\repository\org\springframework\data\spring-data-jpa\3.3.3\spring-data-jpa-3.3.3.jar;C:\Users\sthep\.m2\repository\org\springframework\data\spring-data-commons\3.3.3\spring-data-commons-3.3.3.jar;C:\Users\sthep\.m2\repository\org\springframework\spring-orm\6.1.12\spring-orm-6.1.12.jar;C:\Users\sthep\.m2\repository\org\springframework\spring-context\6.1.12\spring-context-6.1.12.jar;C:\Users\sthep\.m2\repository\org\springframework\spring-tx\6.1.12\spring-tx-6.1.12.jar;C:\Users\sthep\.m2\repository\org\springframework\spring-beans\6.1.12\spring-beans-6.1.12.jar;C:\Users\sthep\.m2\repository\org\slf4j\slf4j-api\2.0.16\slf4j-api-2.0.16.jar;C:\Users\sthep\.m2\repository\org\springframework\spring-aspects\6.1.12\spring-aspects-6.1.12.jar;C:\Users\sthep\.m2\repository\org\springframework\boot\spring-boot-starter-web\3.3.3\spring-boot-starter-web-3.3.3.jar;C:\Users\sthep\.m2\repository\org\springframework\boot\spring-boot-starter\3.3.3\spring-boot-starter-3.3.3.jar;C:\Users\sthep\.m2\repository\org\springframework\boot\spring-boot-starter-logging\3.3.3\spring-boot-starter-logging-3.3.3.jar;C:\Users\sthep\.m2\repository\ch\qos\logback\logback-classic\1.5.7\logback-classic-1.5.7.jar;C:\Users\sthep\.m2\repository\ch\qos\logback\logback-core\1.5.7\logback-core-1.5.7.jar;C:\Users\sthep\.m2\repository\org\apache\logging\log4j\log4j-to-slf4j\2.23.1\log4j-to-slf4j-2.23.1.jar;C:\Users\sthep\.m2\repository\org\slf4j\jul-to-slf4j\2.0.16\jul-to-slf4j-2.0.16.jar;C:\Users\sthep\.m2\repository\org\yaml\snakeyaml\2.2\snakeyaml-2.2.jar;C:\Users\sthep\.m2\repository\org\springframework\spring-web\6.1.12\spring-web-6.1.12.jar;C:\Users\sthep\.m2\repository\io\micrometer\micrometer-observation\1.13.3\micrometer-observation-1.13.3.jar;C:\Users\sthep\.m2\repository\io\micrometer\micrometer-commons\1.13.3\micrometer-commons-1.13.3.jar;C:\Users\sthep\.m2\repository\org\springframework\spring-webmvc\6.1.12\spring-webmvc-6.1.12.jar;C:\Users\sthep\.m2\repository\org\springframework\spring-expression\6.1.12\spring-expression-6.1.12.jar;C:\Users\sthep\.m2\repository\org\springframework\boot\spring-boot-devtools\3.3.3\spring-boot-devtools-3.3.3.jar;C:\Users\sthep\.m2\repository\org\springframework\boot\spring-boot\3.3.3\spring-boot-3.3.3.jar;C:\Users\sthep\.m2\repository\org\springframework\boot\spring-boot-autoconfigure\3.3.3\spring-boot-autoconfigure-3.3.3.jar;C:\Users\sthep\.m2\repository\org\postgresql\postgresql\42.7.3\postgresql-42.7.3.jar;C:\Users\sthep\.m2\repository\org\checkerframework\checker-qual\3.42.0\checker-qual-3.42.0.jar;C:\Users\sthep\.m2\repository\org\springframework\boot\spring-boot-starter-tomcat\3.3.3\spring-boot-starter-tomcat-3.3.3.jar;C:\Users\sthep\.m2\repository\jakarta\annotation\jakarta.annotation-api\2.1.1\jakarta.annotation-api-2.1.1.jar;C:\Users\sthep\.m2\repository\org\apache\tomcat\embed\tomcat-embed-core\10.1.28\tomcat-embed-core-10.1.28.jar;C:\Users\sthep\.m2\repository\org\apache\tomcat\embed\tomcat-embed-el\10.1.28\tomcat-embed-el-10.1.28.jar;C:\Users\sthep\.m2\repository\org\apache\tomcat\embed\tomcat-embed-websocket\10.1.28\tomcat-embed-websocket-10.1.28.jar;C:\Users\sthep\.m2\repository\org\springframework\boot\spring-boot-starter-test\3.3.3\spring-boot-starter-test-3.3.3.jar;C:\Users\sthep\.m2\repository\org\springframework\boot\spring-boot-test\3.3.3\spring-boot-test-3.3.3.jar;C:\Users\sthep\.m2\repository\org\springframework\boot\spring-boot-test-autoconfigure\3.3.3\spring-boot-test-autoconfigure-3.3.3.jar;C:\Users\sthep\.m2\repository\com\jayway\jsonpath\json-path\2.9.0\json-path-2.9.0.jar;C:\Users\sthep\.m2\repository\jakarta\xml\bind\jakarta.xml.bind-api\4.0.2\jakarta.xml.bind-api-4.0.2.jar;C:\Users\sthep\.m2\repository\jakarta\activation\jakarta.activation-api\2.1.3\jakarta.activation-api-2.1.3.jar;C:\Users\sthep\.m2\repository\net\minidev\json-smart\2.5.1\json-smart-2.5.1.jar;C:\Users\sthep\.m2\repository\net\minidev\accessors-smart\2.5.1\accessors-smart-2.5.1.jar;C:\Users\sthep\.m2\repository\org\ow2\asm\asm\9.6\asm-9.6.jar;C:\Users\sthep\.m2\repository\org\assertj\assertj-core\3.25.3\assertj-core-3.25.3.jar;C:\Users\sthep\.m2\repository\org\awaitility\awaitility\4.2.2\awaitility-4.2.2.jar;C:\Users\sthep\.m2\repository\org\hamcrest\hamcrest\2.2\hamcrest-2.2.jar;C:\Users\sthep\.m2\repository\org\junit\jupiter\junit-jupiter\5.10.3\junit-jupiter-5.10.3.jar;C:\Users\sthep\.m2\repository\org\junit\jupiter\junit-jupiter-api\5.10.3\junit-jupiter-api-5.10.3.jar;C:\Users\sthep\.m2\repository\org\opentest4j\opentest4j\1.3.0\opentest4j-1.3.0.jar;C:\Users\sthep\.m2\repository\org\junit\platform\junit-platform-commons\1.10.3\junit-platform-commons-1.10.3.jar;C:\Users\sthep\.m2\repository\org\apiguardian\apiguardian-api\1.1.2\apiguardian-api-1.1.2.jar;C:\Users\sthep\.m2\repository\org\junit\jupiter\junit-jupiter-params\5.10.3\junit-jupiter-params-5.10.3.jar;C:\Users\sthep\.m2\repository\org\junit\jupiter\junit-jupiter-engine\5.10.3\junit-jupiter-engine-5.10.3.jar;C:\Users\sthep\.m2\repository\org\junit\platform\junit-platform-engine\1.10.3\junit-platform-engine-1.10.3.jar;C:\Users\sthep\.m2\repository\org\mockito\mockito-core\5.11.0\mockito-core-5.11.0.jar;C:\Users\sthep\.m2\repository\net\bytebuddy\byte-buddy-agent\1.14.19\byte-buddy-agent-1.14.19.jar;C:\Users\sthep\.m2\repository\org\objenesis\objenesis\3.3\objenesis-3.3.jar;C:\Users\sthep\.m2\repository\org\mockito\mockito-junit-jupiter\5.11.0\mockito-junit-jupiter-5.11.0.jar;C:\Users\sthep\.m2\repository\org\skyscreamer\jsonassert\1.5.3\jsonassert-1.5.3.jar;C:\Users\sthep\.m2\repository\com\vaadin\external\google\android-json\0.0.20131108.vaadin1\android-json-0.0.20131108.vaadin1.jar;C:\Users\sthep\.m2\repository\org\springframework\spring-core\6.1.12\spring-core-6.1.12.jar;C:\Users\sthep\.m2\repository\org\springframework\spring-jcl\6.1.12\spring-jcl-6.1.12.jar;C:\Users\sthep\.m2\repository\org\springframework\spring-test\6.1.12\spring-test-6.1.12.jar;C:\Users\sthep\.m2\repository\org\xmlunit\xmlunit-core\2.9.1\xmlunit-core-2.9.1.jar;C:\Users\sthep\.m2\repository\org\modelmapper\modelmapper\3.1.1\modelmapper-3.1.1.jar;C:\Users\sthep\.m2\repository\org\springdoc\springdoc-openapi-starter-webmvc-ui\2.1.0\springdoc-openapi-starter-webmvc-ui-2.1.0.jar;C:\Users\sthep\.m2\repository\org\springdoc\springdoc-openapi-starter-webmvc-api\2.1.0\springdoc-openapi-starter-webmvc-api-2.1.0.jar;C:\Users\sthep\.m2\repository\org\springdoc\springdoc-openapi-starter-common\2.1.0\springdoc-openapi-starter-common-2.1.0.jar;C:\Users\sthep\.m2\repository\io\swagger\core\v3\swagger-core-jakarta\2.2.9\swagger-core-jakarta-2.2.9.jar;C:\Users\sthep\.m2\repository\org\apache\commons\commons-lang3\3.14.0\commons-lang3-3.14.0.jar;C:\Users\sthep\.m2\repository\io\swagger\core\v3\swagger-annotations-jakarta\2.2.9\swagger-annotations-jakarta-2.2.9.jar;C:\Users\sthep\.m2\repository\io\swagger\core\v3\swagger-models-jakarta\2.2.9\swagger-models-jakarta-2.2.9.jar;C:\Users\sthep\.m2\repository\com\fasterxml\jackson\dataformat\jackson-dataformat-yaml\2.17.2\jackson-dataformat-yaml-2.17.2.jar;C:\Users\sthep\.m2\repository\org\webjars\swagger-ui\4.18.2\swagger-ui-4.18.2.jar;C:\Users\sthep\.m2\repository\jakarta\servlet\jakarta.servlet-api\6.0.0\jakarta.servlet-api-6.0.0.jar;C:\Users\sthep\.m2\repository\com\fasterxml\jackson\datatype\jackson-datatype-jsr310\2.15.2\jackson-datatype-jsr310-2.15.2.jar;C:\Users\sthep\.m2\repository\org\springframework\boot\spring-boot-starter-validation\3.3.3\spring-boot-starter-validation-3.3.3.jar;C:\Users\sthep\.m2\repository\org\hibernate\validator\hibernate-validator\8.0.1.Final\hibernate-validator-8.0.1.Final.jar;C:\Users\sthep\.m2\repository\jakarta\validation\jakarta.validation-api\3.0.2\jakarta.validation-api-3.0.2.jar;C:\Users\sthep\.m2\repository\org\springframework\boot\spring-boot-starter-json\3.3.3\spring-boot-starter-json-3.3.3.jar;C:\Users\sthep\.m2\repository\com\fasterxml\jackson\datatype\jackson-datatype-jdk8\2.17.2\jackson-datatype-jdk8-2.17.2.jar;C:\Users\sthep\.m2\repository\com\fasterxml\jackson\module\jackson-module-parameter-names\2.17.2\jackson-module-parameter-names-2.17.2.jar;C:\Users\sthep\.m2\repository\com\fasterxml\jackson\core\jackson-databind\2.17.2\jackson-databind-2.17.2.jar;C:\Users\sthep\.m2\repository\com\fasterxml\jackson\core\jackson-annotations\2.17.2\jackson-annotations-2.17.2.jar;C:\Users\sthep\.m2\repository\com\fasterxml\jackson\core\jackson-core\2.17.2\jackson-core-2.17.2.jar;C:\Users\sthep\.m2\repository\org\apache\poi\poi-ooxml\5.2.3\poi-ooxml-5.2.3.jar;C:\Users\sthep\.m2\repository\org\apache\poi\poi\5.2.3\poi-5.2.3.jar;C:\Users\sthep\.m2\repository\commons-codec\commons-codec\1.16.1\commons-codec-1.16.1.jar;C:\Users\sthep\.m2\repository\org\apache\commons\commons-math3\3.6.1\commons-math3-3.6.1.jar;C:\Users\sthep\.m2\repository\com\zaxxer\SparseBitSet\1.2\SparseBitSet-1.2.jar;C:\Users\sthep\.m2\repository\org\apache\poi\poi-ooxml-lite\5.2.3\poi-ooxml-lite-5.2.3.jar;C:\Users\sthep\.m2\repository\org\apache\xmlbeans\xmlbeans\5.1.1\xmlbeans-5.1.1.jar;C:\Users\sthep\.m2\repository\org\apache\commons\commons-compress\1.21\commons-compress-1.21.jar;C:\Users\sthep\.m2\repository\commons-io\commons-io\2.11.0\commons-io-2.11.0.jar;C:\Users\sthep\.m2\repository\com\github\virtuald\curvesapi\1.07\curvesapi-1.07.jar;C:\Users\sthep\.m2\repository\org\apache\logging\log4j\log4j-api\2.23.1\log4j-api-2.23.1.jar;C:\Users\sthep\.m2\repository\org\apache\commons\commons-collections4\4.4\commons-collections4-4.4.jar;C:\Users\sthep\.m2\repository\org\springframework\boot\spring-boot-starter-mail\3.3.3\spring-boot-starter-mail-3.3.3.jar;C:\Users\sthep\.m2\repository\org\springframework\spring-context-support\6.1.12\spring-context-support-6.1.12.jar;C:\Users\sthep\.m2\repository\org\eclipse\angus\jakarta.mail\2.0.3\jakarta.mail-2.0.3.jar;C:\Users\sthep\.m2\repository\org\eclipse\angus\angus-activation\2.0.2\angus-activation-2.0.2.jar;C:\Users\sthep\.m2\repository\org\projectlombok\lombok\1.18.22\lombok-1.18.22.jar;"/>
    <property name="sun.cpu.endian" value="little"/>
    <property name="user.home" value="C:\Users\sthep"/>
    <property name="user.language" value="en"/>
    <property name="java.specification.vendor" value="Oracle Corporation"/>
    <property name="java.version.date" value="2023-04-18"/>
    <property name="java.home" value="C:\Users\sthep\jdk-17.0.7"/>
    <property name="file.separator" value="\"/>
    <property name="basedir" value="C:\Users\sthep\Desktop\Workspace\Backend\WebCoursesBack"/>
    <property name="java.vm.compressedOopsMode" value="Zero based"/>
    <property name="line.separator" value="&#10;"/>
    <property name="java.vm.specification.vendor" value="Oracle Corporation"/>
    <property name="java.specification.name" value="Java Platform API Specification"/>
    <property name="FILE_LOG_CHARSET" value="windows-1252"/>
    <property name="java.awt.headless" value="true"/>
    <property name="surefire.real.class.path" value="C:\Users\sthep\AppData\Local\Temp\surefire8417285828560444146\surefirebooter-20250219154453512_3.jar"/>
    <property name="user.script" value=""/>
    <property name="sun.management.compiler" value="HotSpot 64-Bit Tiered Compilers"/>
    <property name="java.runtime.version" value="17.0.7+8-LTS-224"/>
    <property name="user.name" value="sthep"/>
    <property name="path.separator" value=";"/>
    <property name="os.version" value="10.0"/>
    <property name="java.runtime.name" value="Java(TM) SE Runtime Environment"/>
    <property name="file.encoding" value="Cp1252"/>
    <property name="java.vm.name" value="Java HotSpot(TM) 64-Bit Server VM"/>
    <property name="localRepository" value="C:\Users\sthep\.m2\repository"/>
    <property name="java.vendor.url.bug" value="https://bugreport.java.com/bugreport/"/>
    <property name="java.io.tmpdir" value="C:\Users\sthep\AppData\Local\Temp\"/>
    <property name="com.zaxxer.hikari.pool_number" value="1"/>
    <property name="java.version" value="17.0.7"/>
    <property name="user.dir" value="C:\Users\sthep\Desktop\Workspace\Backend\WebCoursesBack"/>
    <property name="os.arch" value="amd64"/>
    <property name="java.vm.specification.name" value="Java Virtual Machine Specification"/>
    <property name="PID" value="36820"/>
    <property name="sun.os.patch.level" value=""/>
    <property name="CONSOLE_LOG_CHARSET" value="windows-1252"/>
    <property name="native.encoding" value="Cp1252"/>
    <property name="java.library.path" value="C:\Users\sthep\jdk-17.0.7\bin;C:\WINDOWS\Sun\Java\bin;C:\WINDOWS\system32;C:\WINDOWS;C:\Users\sthep\bin;C:\Program Files\Git\mingw64\bin;C:\Program Files\Git\usr\local\bin;C:\Program Files\Git\usr\bin;C:\Program Files\Git\usr\bin;C:\Program Files\Git\mingw64\bin;C:\Program Files\Git\usr\bin;C:\Users\sthep\bin;C:\Program Files (x86)\Razer\ChromaBroadcast\bin;C:\Program Files\Razer\ChromaBroadcast\bin;C:\Windows\system32;C:\Windows;C:\Windows\System32\Wbem;C:\Windows\System32\WindowsPowerShell\v1.0;C:\Windows\System32\OpenSSH;C:\Program Files\Git\cmd;C:\Program Files\nodejs;C:\Program Files (x86)\NVIDIA Corporation\PhysX\Common;C:\Program Files\NVIDIA Corporation\NVIDIA NvDLISR;C:\Program Files\Docker\Docker\resources\bin;C:\Users\sthep\AppData\Local\Programs\Python\Python313\Scripts;C:\Users\sthep\AppData\Local\Programs\Python\Python313;C:\Users\sthep\AppData\Local\Programs\Python\Launcher;C:\Users\sthep\AppData\Local\Programs\Python\Python312\Scripts;C:\Users\sthep\AppData\Local\Programs\Python\Python312;C:\Users\sthep\AppData\Local\Microsoft\WindowsApps;C:\Users\sthep\AppData\Local\Programs\Microsoft VS Code\bin;C:\Users\sthep\AppData\Roaming\npm;C:\Program Files\JetBrains\IntelliJ IDEA 2024.1.1\bin;C:\Users\sthep\go\bin;C:\Users\sthep\AppData\Local\Programs\mongosh;C:\Users\sthep\jdk-17.0.7\bin;C:\Program Files\Apache\maven\apache-maven-3.9.9-bin\apache-maven-3.9.9\bin;C:\Program Files\PostgreSQL\15\bin;C:\WINDOWS\system32;C:\WINDOWS;C:\WINDOWS\System32\Wbem;C:\WINDOWS\System32\WindowsPowerShell\v1.0;C:\WINDOWS\System32\OpenSSH;C:\ProgramData\chocolatey\bin;C:\Program Files\Git LFS;C:\Users\sthep\AppData\Local\Programs\Python\Python313\Scripts;C:\Users\sthep\AppData\Local\Programs\Python\Python313;C:\Users\sthep\AppData\Local\Programs\Python\Launcher;C:\Users\sthep\AppData\Local\Programs\Python\Python312\Scripts;C:\Users\sthep\AppData\Local\Programs\Python\Python312;C:\Users\sthep\AppData\Local\Microsoft\WindowsApps;C:\Users\sthep\AppData\Local\Programs\Microsoft VS Code\bin;C:\Users\sthep\AppData\Roaming\npm;C:\Program Files\JetBrains\IntelliJ IDEA 2024.1.1\bin;C:\Users\sthep\go\bin;C:\Users\sthep\AppData\Local\Programs\mongosh;C:\Users\sthep\AppData\Local\Microsoft\WindowsApps;C:\Users\sthep\.bun\bin;C:\Users\sthep\AppData\Local\Google\Cloud SDK\google-cloud-sdk\bin;C:\Program Files\Git\usr\bin\vendor_perl;C:\Program Files\Git\usr\bin\core_perl;."/>
    <property name="java.vm.info" value="mixed mode, sharing"/>
    <property name="java.vendor" value="Oracle Corporation"/>
    <property name="java.vm.version" value="17.0.7+8-LTS-224"/>
    <property name="sun.io.unicode.encoding" value="UnicodeLittle"/>
    <property name="java.class.version" value="61.0"/>
    <property name="LOGGED_APPLICATION_NAME" value="[WebCoursesBack] "/>
  </properties>
  <testcase name="contextLoads" classname="com.aecode.webcoursesback.WebCoursesBackApplicationTests" time="0.387">
    <system-out><![CDATA[15:44:54.169 [main] INFO org.springframework.test.context.support.AnnotationConfigContextLoaderUtils -- Could not detect default configuration classes for test class [com.aecode.webcoursesback.WebCoursesBackApplicationTests]: WebCoursesBackApplicationTests does not declare any static, non-private, non-final, nested classes annotated with @Configuration.
15:44:54.256 [main] INFO org.springframework.boot.test.context.SpringBootTestContextBootstrapper -- Found @SpringBootConfiguration com.aecode.webcoursesback.WebCoursesBackApplication for test class com.aecode.webcoursesback.WebCoursesBackApplicationTests
15:44:54.396 [main] INFO org.springframework.boot.devtools.restart.RestartApplicationListener -- Restart disabled due to context in which it is running

  .   ____          _            __ _ _
 /\\ / ___'_ __ _ _(_)_ __  __ _ \ \ \ \
( ( )\___ | '_ | '_| | '_ \/ _` | \ \ \ \
 \\/  ___)| |_)| | | | | || (_| |  ) ) ) )
  '  |____| .__|_| |_|_| |_\__, | / / / /
 =========|_|==============|___/=/_/_/_/

 :: Spring Boot ::                (v3.3.3)

2025-02-19T15:44:54.619-05:00  INFO 36820 --- [WebCoursesBack] [           main] c.a.w.WebCoursesBackApplicationTests     : Starting WebCoursesBackApplicationTests using Java 17.0.7 with PID 36820 (started by sthep in C:\Users\sthep\Desktop\Workspace\Backend\WebCoursesBack)
2025-02-19T15:44:54.622-05:00  INFO 36820 --- [WebCoursesBack] [           main] c.a.w.WebCoursesBackApplicationTests     : No active profile set, falling back to 1 default profile: "default"
2025-02-19T15:44:55.412-05:00  INFO 36820 --- [WebCoursesBack] [           main] .s.d.r.c.RepositoryConfigurationDelegate : Bootstrapping Spring Data JPA repositories in DEFAULT mode.
2025-02-19T15:44:55.495-05:00  INFO 36820 --- [WebCoursesBack] [           main] .s.d.r.c.RepositoryConfigurationDelegate : Finished Spring Data repository scanning in 75 ms. Found 17 JPA repository interfaces.
2025-02-19T15:44:55.917-05:00  INFO 36820 --- [WebCoursesBack] [           main] o.hibernate.jpa.internal.util.LogHelper  : HHH000204: Processing PersistenceUnitInfo [name: default]
2025-02-19T15:44:56.005-05:00  INFO 36820 --- [WebCoursesBack] [           main] org.hibernate.Version                    : HHH000412: Hibernate ORM core version 6.5.2.Final
2025-02-19T15:44:56.050-05:00  INFO 36820 --- [WebCoursesBack] [           main] o.h.c.internal.RegionFactoryInitiator    : HHH000026: Second-level cache disabled
2025-02-19T15:44:56.414-05:00  INFO 36820 --- [WebCoursesBack] [           main] o.s.o.j.p.SpringPersistenceUnitInfo      : No LoadTimeWeaver setup: ignoring JPA class transformer
2025-02-19T15:44:56.440-05:00  INFO 36820 --- [WebCoursesBack] [           main] com.zaxxer.hikari.HikariDataSource       : HikariPool-1 - Starting...
2025-02-19T15:44:58.345-05:00  INFO 36820 --- [WebCoursesBack] [           main] com.zaxxer.hikari.pool.HikariPool        : HikariPool-1 - Added connection org.postgresql.jdbc.PgConnection@5a1a20ae
2025-02-19T15:44:58.347-05:00  INFO 36820 --- [WebCoursesBack] [           main] com.zaxxer.hikari.HikariDataSource       : HikariPool-1 - Start completed.
2025-02-19T15:44:58.550-05:00  WARN 36820 --- [WebCoursesBack] [           main] org.hibernate.orm.deprecation            : HHH90000025: PostgreSQLDialect does not need to be specified explicitly using 'hibernate.dialect' (remove the property setting and it will be selected by default)
2025-02-19T15:45:00.299-05:00  INFO 36820 --- [WebCoursesBack] [           main] o.h.e.t.j.p.i.JtaPlatformInitiator       : HHH000489: No JTA platform available (set 'hibernate.transaction.jta.platform' to enable JTA platform integration)
Hibernate: 
    alter table if exists coupons 
       drop constraint if exists FKbuytsjfnx6077s7k1nr8nox2o
Hibernate: 
    alter table if exists course_tools 
       drop constraint if exists FKsd3lqba79em6rg8olaeao3oho
Hibernate: 
    alter table if exists course_tools 
       drop constraint if exists FK1vdbbot8cs6qyqw7ayusxwbec
Hibernate: 
    alter table if exists modules 
       drop constraint if exists FK8qnnp812q1jd38fx7mxrhpw9
Hibernate: 
    alter table if exists relatedworks 
       drop constraint if exists FK1lupmiqwhregmpv09owoxd35x
Hibernate: 
    alter table if exists secondcourse_benefits 
       drop constraint if exists FK6h2r2mcx3uwfqs14p1c97wujt
Hibernate: 
    alter table if exists secondcourse_freqquests 
       drop constraint if exists FK155sao0hg48qfgm21q8heiuwr
Hibernate: 
    alter table if exists secondcourse_freqquests 
       drop constraint if exists FKi0ukvor3m81dej1fbofh31d38
Hibernate: 
    alter table if exists secondcourse_tools 
       drop constraint if exists FKo01h1qmuj857yip99j3tpb1pj
Hibernate: 
    alter table if exists secondcourse_tools 
       drop constraint if exists FK3pa8d8j6paayql457s1ln6cu7
Hibernate: 
    alter table if exists sessionanswers 
       drop constraint if exists FKacyqh85bgd6dsum7ynufogatk
Hibernate: 
    alter table if exists sessions 
       drop constraint if exists FKr3dhrnvgebjhx0xf5dnqig4iv
Hibernate: 
    alter table if exists sessiontests 
       drop constraint if exists FKpj0wn0d3w003xwq29ucxfcpci
Hibernate: 
    alter table if exists studyplan_session 
       drop constraint if exists FKga9u0hw4k14o1i929dr265vri
Hibernate: 
    alter table if exists studyplans 
       drop constraint if exists FK3h5h6q9dgoa3nwunigvtqpx1s
Hibernate: 
    alter table if exists units 
       drop constraint if exists FKbbvsojstiwhfev2tq8knmg6dh
Hibernate: 
    alter table if exists usercourseaccess 
       drop constraint if exists FKtnu263gg8ta5k2hmf8cctordc
Hibernate: 
    alter table if exists usercourseaccess 
       drop constraint if exists FKhn1gh982e81usmwpvsb1lmu94
Hibernate: 
    alter table if exists userdetail 
       drop constraint if exists FKndu78w1fnmxhw4nqnaryxhtpt
Hibernate: 
    alter table if exists usermoduleaccess 
       drop constraint if exists FKixt38h2mb20itguo7w1c0beeu
Hibernate: 
    alter table if exists usermoduleaccess 
       drop constraint if exists FKjjcyxyive17g2rpi0wcwftbpo
Hibernate: 
    alter table if exists userprogressrw 
       drop constraint if exists FKt9r5npcau19pfynvrcdcooh46
Hibernate: 
    alter table if exists userprogressrw 
       drop constraint if exists FKh0413a9dcv8dquh111nhor4nf
Hibernate: 
    alter table if exists userprogresssessions 
       drop constraint if exists FK5pknth091n8tavo7fn9ysj2vg
Hibernate: 
    alter table if exists userprogresssessions 
       drop constraint if exists FKs2fvwunu8l7rul8dty6luxjll
Hibernate: 
    alter table if exists userprogressunit 
       drop constraint if exists FKhyqo3te18606okxcm1jn33dyp
Hibernate: 
    alter table if exists userprogressunit 
       drop constraint if exists FKexp6l1w0lj0svsy0nixufg70r
Hibernate: 
    drop table if exists coupons cascade
Hibernate: 
    drop table if exists course_tools cascade
Hibernate: 
    drop table if exists courses cascade
Hibernate: 
    drop table if exists freqquests cascade
Hibernate: 
    drop table if exists modules cascade
Hibernate: 
    drop table if exists relatedworks cascade
Hibernate: 
    drop table if exists secondary_courses cascade
Hibernate: 
    drop table if exists secondcourse_benefits cascade
Hibernate: 
    drop table if exists secondcourse_freqquests cascade
Hibernate: 
    drop table if exists secondcourse_tools cascade
Hibernate: 
    drop table if exists sessionanswers cascade
Hibernate: 
    drop table if exists sessions cascade
Hibernate: 
    drop table if exists sessiontests cascade
Hibernate: 
    drop table if exists studyplan_session cascade
Hibernate: 
    drop table if exists studyplans cascade
Hibernate: 
    drop table if exists tools cascade
Hibernate: 
    drop table if exists units cascade
Hibernate: 
    drop table if exists usercourseaccess cascade
Hibernate: 
    drop table if exists userdetail cascade
Hibernate: 
    drop table if exists usermoduleaccess cascade
Hibernate: 
    drop table if exists userprofiles cascade
Hibernate: 
    drop table if exists userprogressrw cascade
Hibernate: 
    drop table if exists userprogresssessions cascade
Hibernate: 
    drop table if exists userprogressunit cascade
Hibernate: 
    drop sequence if exists access_sequence
Hibernate: 
    drop sequence if exists accessmod_sequence
Hibernate: 
    drop sequence if exists coupon_sequence
Hibernate: 
    drop sequence if exists course_sequence
Hibernate: 
    drop sequence if exists freqquest_sequence
Hibernate: 
    drop sequence if exists module_sequence
Hibernate: 
    drop sequence if exists progressrw_sequence
Hibernate: 
    drop sequence if exists progresssession_sequence
Hibernate: 
    drop sequence if exists progressunit_sequence
Hibernate: 
    drop sequence if exists secondary_courses_sequence
Hibernate: 
    drop sequence if exists session_sequence
Hibernate: 
    drop sequence if exists sessionans_sequence
Hibernate: 
    drop sequence if exists sessiontest_sequence
Hibernate: 
    drop sequence if exists studyplan_sequence
Hibernate: 
    drop sequence if exists tool_sequence
Hibernate: 
    drop sequence if exists unit_sequence
Hibernate: 
    drop sequence if exists user_sequence
Hibernate: 
    drop sequence if exists userdetail_sequence
Hibernate: 
    drop sequence if exists work_sequence
Hibernate: 
    create sequence access_sequence start with 1 increment by 1
Hibernate: 
    create sequence accessmod_sequence start with 1 increment by 1
Hibernate: 
    create sequence coupon_sequence start with 1 increment by 1
Hibernate: 
    create sequence course_sequence start with 1 increment by 1
Hibernate: 
    create sequence freqquest_sequence start with 1 increment by 1
Hibernate: 
    create sequence module_sequence start with 1 increment by 1
Hibernate: 
    create sequence progressrw_sequence start with 1 increment by 1
Hibernate: 
    create sequence progresssession_sequence start with 1 increment by 1
Hibernate: 
    create sequence progressunit_sequence start with 1 increment by 1
Hibernate: 
    create sequence secondary_courses_sequence start with 1 increment by 1
Hibernate: 
    create sequence session_sequence start with 1 increment by 1
Hibernate: 
    create sequence sessionans_sequence start with 1 increment by 1
Hibernate: 
    create sequence sessiontest_sequence start with 1 increment by 1
Hibernate: 
    create sequence studyplan_sequence start with 1 increment by 1
Hibernate: 
    create sequence tool_sequence start with 1 increment by 1
Hibernate: 
    create sequence unit_sequence start with 1 increment by 1
Hibernate: 
    create sequence user_sequence start with 1 increment by 1
Hibernate: 
    create sequence userdetail_sequence start with 1 increment by 1
Hibernate: 
    create sequence work_sequence start with 1 increment by 1
Hibernate: 
    create table coupons (
        coupon_id integer not null,
        discount integer,
        seccourse_id integer not null,
        name varchar(255),
        primary key (coupon_id)
    )
Hibernate: 
    create table course_tools (
        course_id integer not null,
        tool_id integer not null
    )
Hibernate: 
    create table courses (
        course_id integer not null,
        course_order integer,
        hours integer,
        percentage integer,
        price float(53),
        coverimage varchar(255),
        description varchar(255),
        gift varchar(255),
        moduleimage varchar(255),
        subtitle varchar(255),
        title varchar(255) not null,
        urlkit varchar(255),
        video_url varchar(255),
        primary key (course_id)
    )
Hibernate: 
    create table freqquests (
        freqquest_id integer not null,
        answer_text varchar(255),
        question_text varchar(255),
        primary key (freqquest_id)
    )
Hibernate: 
    create table modules (
        course_id integer not null,
        hours integer,
        module_id integer not null,
        order_number integer,
        percentage integer,
        price float(53),
        moduleimage varchar(255),
        title varchar(255) not null,
        video_url varchar(255),
        primary key (module_id)
    )
Hibernate: 
    create table relatedworks (
        module_id integer not null unique,
        work_id integer not null,
        form_url varchar(255) not null,
        title varchar(255) not null,
        primary key (work_id)
    )
Hibernate: 
    create table secondary_courses (
        discount_percentage integer,
        is_on_sale boolean,
        number_of_sessions integer,
        number_of_units integer,
        order_number integer,
        price_regular float(53),
        prompt_payment_price float(53),
        seccourse_id integer not null,
        start_date date,
        total_hours integer,
        mode varchar(50) check (mode in ('SINCRONO','ASINCRONO','EN_VIVO')),
        module varchar(50),
        achievement TEXT,
        brochure_url varchar(255),
        certificate_hours varchar(255),
        description TEXT,
        principalimage varchar(255),
        program_title varchar(255) not null,
        title varchar(255) not null,
        video_url varchar(255),
        whatsapp_group_link varchar(255),
        requirements varchar(255) array,
        schedules varchar(255) array,
        primary key (seccourse_id)
    )
Hibernate: 
    create table secondcourse_benefits (
        seccourse_id integer not null,
        benefit varchar(255)
    )
Hibernate: 
    create table secondcourse_freqquests (
        freqquest_id integer not null,
        seccourse_id integer not null
    )
Hibernate: 
    create table secondcourse_tools (
        seccourse_id integer not null,
        tool_id integer not null
    )
Hibernate: 
    create table sessionanswers (
        answer_id integer not null,
        is_correct boolean not null,
        test_id integer not null,
        answer_text varchar(255) not null,
        primary key (answer_id)
    )
Hibernate: 
    create table sessions (
        order_number integer,
        session_id integer not null,
        unit_id integer not null,
        description TEXT,
        resource_document varchar(255),
        task_name varchar(255),
        task_url varchar(255),
        title varchar(255) not null,
        video_url varchar(255),
        primary key (session_id)
    )
Hibernate: 
    create table sessiontests (
        session_id integer not null unique,
        test_id integer not null,
        question_text TEXT not null,
        primary key (test_id)
    )
Hibernate: 
    create table studyplan_session (
        studyplan_id integer not null,
        session varchar(255)
    )
Hibernate: 
    create table studyplans (
        hours integer,
        order_number integer,
        seccourse_id integer not null,
        studyplan_id integer not null,
        unit varchar(255),
        primary key (studyplan_id)
    )
Hibernate: 
    create table tools (
        tool_id integer not null,
        name varchar(255),
        picture varchar(255),
        primary key (tool_id)
    )
Hibernate: 
    create table units (
        module_id integer not null,
        order_number integer,
        unit_id integer not null,
        title varchar(255) not null,
        video_url varchar(255),
        primary key (unit_id)
    )
Hibernate: 
    create table usercourseaccess (
        access_id integer not null,
        course_id integer not null,
        user_id integer not null,
        primary key (access_id)
    )
Hibernate: 
    create table userdetail (
        details_id integer not null,
        user_id integer unique,
        profilepicture varchar(255),
        primary key (details_id)
    )
Hibernate: 
    create table usermoduleaccess (
        access_id integer not null,
        course_id integer not null,
        user_id integer not null,
        primary key (access_id)
    )
Hibernate: 
    create table userprofiles (
        birthdate date,
        user_id integer not null,
        fullname varchar(50),
        email varchar(100) not null unique,
        experience varchar(100),
        gender varchar(100),
        rol varchar(100),
        status varchar(100),
        password_hash varchar(255) not null,
        phone_number varchar(255),
        primary key (user_id)
    )
Hibernate: 
    create table userprogressrw (
        is_completed boolean not null,
        progress_id integer not null,
        user_id integer not null,
        work_id integer not null,
        primary key (progress_id)
    )
Hibernate: 
    create table userprogresssessions (
        is_completed boolean not null,
        progress_id integer not null,
        session_id integer not null,
        user_id integer not null,
        primary key (progress_id)
    )
Hibernate: 
    create table userprogressunit (
        is_completed boolean not null,
        progress_id integer not null,
        unit_id integer not null,
        user_id integer not null,
        primary key (progress_id)
    )
Hibernate: 
    alter table if exists coupons 
       add constraint FKbuytsjfnx6077s7k1nr8nox2o 
       foreign key (seccourse_id) 
       references secondary_courses
Hibernate: 
    alter table if exists course_tools 
       add constraint FKsd3lqba79em6rg8olaeao3oho 
       foreign key (tool_id) 
       references tools
Hibernate: 
    alter table if exists course_tools 
       add constraint FK1vdbbot8cs6qyqw7ayusxwbec 
       foreign key (course_id) 
       references courses
Hibernate: 
    alter table if exists modules 
       add constraint FK8qnnp812q1jd38fx7mxrhpw9 
       foreign key (course_id) 
       references courses
Hibernate: 
    alter table if exists relatedworks 
       add constraint FK1lupmiqwhregmpv09owoxd35x 
       foreign key (module_id) 
       references modules
Hibernate: 
    alter table if exists secondcourse_benefits 
       add constraint FK6h2r2mcx3uwfqs14p1c97wujt 
       foreign key (seccourse_id) 
       references secondary_courses
Hibernate: 
    alter table if exists secondcourse_freqquests 
       add constraint FK155sao0hg48qfgm21q8heiuwr 
       foreign key (freqquest_id) 
       references freqquests
Hibernate: 
    alter table if exists secondcourse_freqquests 
       add constraint FKi0ukvor3m81dej1fbofh31d38 
       foreign key (seccourse_id) 
       references secondary_courses
Hibernate: 
    alter table if exists secondcourse_tools 
       add constraint FKo01h1qmuj857yip99j3tpb1pj 
       foreign key (tool_id) 
       references tools
Hibernate: 
    alter table if exists secondcourse_tools 
       add constraint FK3pa8d8j6paayql457s1ln6cu7 
       foreign key (seccourse_id) 
       references secondary_courses
Hibernate: 
    alter table if exists sessionanswers 
       add constraint FKacyqh85bgd6dsum7ynufogatk 
       foreign key (test_id) 
       references sessiontests
Hibernate: 
    alter table if exists sessions 
       add constraint FKr3dhrnvgebjhx0xf5dnqig4iv 
       foreign key (unit_id) 
       references units
Hibernate: 
    alter table if exists sessiontests 
       add constraint FKpj0wn0d3w003xwq29ucxfcpci 
       foreign key (session_id) 
       references sessions
Hibernate: 
    alter table if exists studyplan_session 
       add constraint FKga9u0hw4k14o1i929dr265vri 
       foreign key (studyplan_id) 
       references studyplans
Hibernate: 
    alter table if exists studyplans 
       add constraint FK3h5h6q9dgoa3nwunigvtqpx1s 
       foreign key (seccourse_id) 
       references secondary_courses
Hibernate: 
    alter table if exists units 
       add constraint FKbbvsojstiwhfev2tq8knmg6dh 
       foreign key (module_id) 
       references modules
Hibernate: 
    alter table if exists usercourseaccess 
       add constraint FKtnu263gg8ta5k2hmf8cctordc 
       foreign key (course_id) 
       references courses
Hibernate: 
    alter table if exists usercourseaccess 
       add constraint FKhn1gh982e81usmwpvsb1lmu94 
       foreign key (user_id) 
       references userprofiles
Hibernate: 
    alter table if exists userdetail 
       add constraint FKndu78w1fnmxhw4nqnaryxhtpt 
       foreign key (user_id) 
       references userprofiles
Hibernate: 
    alter table if exists usermoduleaccess 
       add constraint FKixt38h2mb20itguo7w1c0beeu 
       foreign key (course_id) 
       references modules
Hibernate: 
    alter table if exists usermoduleaccess 
       add constraint FKjjcyxyive17g2rpi0wcwftbpo 
       foreign key (user_id) 
       references userprofiles
Hibernate: 
    alter table if exists userprogressrw 
       add constraint FKt9r5npcau19pfynvrcdcooh46 
       foreign key (work_id) 
       references relatedworks
Hibernate: 
    alter table if exists userprogressrw 
       add constraint FKh0413a9dcv8dquh111nhor4nf 
       foreign key (user_id) 
       references userprofiles
Hibernate: 
    alter table if exists userprogresssessions 
       add constraint FK5pknth091n8tavo7fn9ysj2vg 
       foreign key (session_id) 
       references sessions
Hibernate: 
    alter table if exists userprogresssessions 
       add constraint FKs2fvwunu8l7rul8dty6luxjll 
       foreign key (user_id) 
       references userprofiles
Hibernate: 
    alter table if exists userprogressunit 
       add constraint FKhyqo3te18606okxcm1jn33dyp 
       foreign key (unit_id) 
       references units
Hibernate: 
    alter table if exists userprogressunit 
       add constraint FKexp6l1w0lj0svsy0nixufg70r 
       foreign key (user_id) 
       references userprofiles
2025-02-19T15:45:26.619-05:00  INFO 36820 --- [WebCoursesBack] [           main] j.LocalContainerEntityManagerFactoryBean : Initialized JPA EntityManagerFactory for persistence unit 'default'
2025-02-19T15:45:26.977-05:00  INFO 36820 --- [WebCoursesBack] [           main] o.s.d.j.r.query.QueryEnhancerFactory     : Hibernate is in classpath; If applicable, HQL parser will be used.
2025-02-19T15:45:27.897-05:00  WARN 36820 --- [WebCoursesBack] [           main] JpaBaseConfiguration$JpaWebConfiguration : spring.jpa.open-in-view is enabled by default. Therefore, database queries may be performed during view rendering. Explicitly configure spring.jpa.open-in-view to disable this warning
2025-02-19T15:45:28.445-05:00  INFO 36820 --- [WebCoursesBack] [           main] c.a.w.WebCoursesBackApplicationTests     : Started WebCoursesBackApplicationTests in 34.062 seconds (process running for 34.837)
Todas las secuencias han sido sincronizadas correctamente.
]]></system-out>
  </testcase>
</testsuite>